<?xml version="1.0" encoding="UTF-8"?>
<!-- Generated by org.testng.reporters.JUnitXMLReporter -->
<testsuite hostname="RD0100454" name="Default test" tests="1" failures="1" timestamp="14 Aug 2016 16:46:33 GMT" time="49.413" errors="0">
  <testcase name="TestFileDownload" time="49.392" classname="com.FileDownloadTest.TestFileDownloadDemo">
    <failure type="org.openqa.selenium.WebDriverException" message="Failed to connect to binary FirefoxBinary(C:\Program Files (x86)\Mozilla Firefox\firefox.exe) on port 7055; process output follows: 
st&amp;quot;:1464161860000},&amp;quot;{972ce4c6-7e08-4474-a285-3208198ce6fd}&amp;quot;:{&amp;quot;d&amp;quot;:&amp;quot;C:\\Program Files (x86)\\Mozilla Firefox\\browser\\extensions\\{972ce4c6-7e08-4474-a285-3208198ce6fd}.xpi&amp;quot;,&amp;quot;e&amp;quot;:true,&amp;quot;v&amp;quot;:&amp;quot;48.0&amp;quot;,&amp;quot;st&amp;quot;:1469556455000}},&amp;quot;winreg-app-global&amp;quot;:{&amp;quot;{7DD78D43-0962-4d9b-BC76-ABF13B3B2ED1}&amp;quot;:{&amp;quot;d&amp;quot;:&amp;quot;C:\\Program Files (x86)\\McAfee\\SiteAdvisor Enterprise\\saeffplg.xpi&amp;quot;,&amp;quot;e&amp;quot;:false,&amp;quot;v&amp;quot;:&amp;quot;3.5.0.1406&amp;quot;,&amp;quot;st&amp;quot;:1446448080000},&amp;quot;{D19CA586-DD6C-4a0a-96F8-14644F340D60}&amp;quot;:{&amp;quot;d&amp;quot;:&amp;quot;C:\\Program Files (x86)\\Common Files\\McAfee\\SystemCore&amp;quot;,&amp;quot;e&amp;quot;:false,&amp;quot;v&amp;quot;:&amp;quot;15.1.0&amp;quot;,&amp;quot;st&amp;quot;:1459430344024,&amp;quot;mt&amp;quot;:1459424408047}}}
1471193148193	addons.xpi	DEBUG	No changes found
1471193148200	addons.xpi	DEBUG	Registering manifest for C:\Program Files (x86)\Mozilla Firefox\browser\features\e10srollout@mozilla.org.xpi
1471193148200	addons.xpi	DEBUG	Loading bootstrap scope from C:\Program Files (x86)\Mozilla Firefox\browser\features\e10srollout@mozilla.org.xpi
1471193148214	addons.xpi	DEBUG	Calling bootstrap method startup on e10srollout@mozilla.org version 1.0
1471193148215	addons.xpi	DEBUG	Registering manifest for C:\Program Files (x86)\Mozilla Firefox\browser\features\firefox@getpocket.com.xpi
1471193148216	addons.xpi	DEBUG	Loading bootstrap scope from C:\Program Files (x86)\Mozilla Firefox\browser\features\firefox@getpocket.com.xpi
1471193148221	addons.xpi	DEBUG	Calling bootstrap method startup on firefox@getpocket.com version 1.0.4
1471193148228	addons.xpi-utils	DEBUG	Starting async load of XPI database C:\WINDOWS\TEMP\anonymous3313557216019989235webdriver-profile\extensions.json
1471193148229	addons.xpi	DEBUG	Registering manifest for C:\Program Files (x86)\Mozilla Firefox\browser\features\loop@mozilla.org.xpi
1471193148230	addons.xpi	DEBUG	Loading bootstrap scope from C:\Program Files (x86)\Mozilla Firefox\browser\features\loop@mozilla.org.xpi
1471193148237	addons.xpi	DEBUG	Calling bootstrap method startup on loop@mozilla.org version 1.4.3
1471193148258	addons.xpi	DEBUG	Registering manifest for C:\Program Files (x86)\Mozilla Firefox\browser\extensions\{82AF8DCA-6DE9-405D-BD5E-43525BDAD38A}.xpi
1471193148259	addons.xpi	DEBUG	Loading bootstrap scope from C:\Program Files (x86)\Mozilla Firefox\browser\extensions\{82AF8DCA-6DE9-405D-BD5E-43525BDAD38A}.xpi
1471193148336	addons.xpi	DEBUG	Calling bootstrap method startup on {82AF8DCA-6DE9-405D-BD5E-43525BDAD38A} version 8.3.0.9150
1471193148339	addons.manager	DEBUG	Registering shutdown blocker for XPIProvider
1471193148339	addons.manager	DEBUG	Provider finished startup: XPIProvider
1471193148339	addons.manager	DEBUG	Starting provider: LightweightThemeManager
1471193148339	addons.manager	DEBUG	Registering shutdown blocker for LightweightThemeManager
1471193148339	addons.manager	DEBUG	Provider finished startup: LightweightThemeManager
1471193148340	addons.manager	DEBUG	Starting provider: GMPProvider
1471193148347	addons.manager	DEBUG	Registering shutdown blocker for GMPProvider
1471193148348	addons.manager	DEBUG	Provider finished startup: GMPProvider
1471193148348	addons.manager	DEBUG	Starting provider: PluginProvider
1471193148348	addons.manager	DEBUG	Registering shutdown blocker for PluginProvider
1471193148348	addons.manager	DEBUG	Provider finished startup: PluginProvider
1471193148349	addons.manager	DEBUG	Completed startup sequence
1471193148799	addons.xpi-utils	DEBUG	Async JSON file read took 0 MS
1471193148799	addons.xpi-utils	DEBUG	Finished async read of XPI database, parsing...
1471193148802	addons.xpi-utils	DEBUG	Successfully read XPI database
1471193148812	addons.manager	DEBUG	Starting provider: &amp;lt;unnamed-provider&amp;gt;
1471193148813	addons.manager	DEBUG	Registering shutdown blocker for &amp;lt;unnamed-provider&amp;gt;
1471193148813	addons.manager	DEBUG	Provider finished startup: &amp;lt;unnamed-provider&amp;gt;
*** Blocklist::_loadBlocklistFromFile: blocklist is disabled
1471193148934	addons.manager	DEBUG	Starting provider: PreviousExperimentProvider
1471193148934	addons.manager	DEBUG	Registering shutdown blocker for PreviousExperimentProvider
1471193148935	addons.manager	DEBUG	Provider finished startup: PreviousExperimentProvider

Build info: version: &amp;apos;2.45.0&amp;apos;, revision: &amp;apos;5017cb8e7ca8e37638dc3091b2440b90a1d8686f&amp;apos;, time: &amp;apos;2015-02-27 09:10:26&amp;apos;
System info: host: &amp;apos;RD0100454&amp;apos;, ip: &amp;apos;192.168.1.3&amp;apos;, os.name: &amp;apos;Windows 7&amp;apos;, os.arch: &amp;apos;amd64&amp;apos;, os.version: &amp;apos;6.1&amp;apos;, java.version: &amp;apos;1.8.0_60&amp;apos;
Driver info: driver.version: FirefoxDriver">
      <![CDATA[org.openqa.selenium.WebDriverException: Failed to connect to binary FirefoxBinary(C:\Program Files (x86)\Mozilla Firefox\firefox.exe) on port 7055; process output follows: 
st":1464161860000},"{972ce4c6-7e08-4474-a285-3208198ce6fd}":{"d":"C:\\Program Files (x86)\\Mozilla Firefox\\browser\\extensions\\{972ce4c6-7e08-4474-a285-3208198ce6fd}.xpi","e":true,"v":"48.0","st":1469556455000}},"winreg-app-global":{"{7DD78D43-0962-4d9b-BC76-ABF13B3B2ED1}":{"d":"C:\\Program Files (x86)\\McAfee\\SiteAdvisor Enterprise\\saeffplg.xpi","e":false,"v":"3.5.0.1406","st":1446448080000},"{D19CA586-DD6C-4a0a-96F8-14644F340D60}":{"d":"C:\\Program Files (x86)\\Common Files\\McAfee\\SystemCore","e":false,"v":"15.1.0","st":1459430344024,"mt":1459424408047}}}
1471193148193	addons.xpi	DEBUG	No changes found
1471193148200	addons.xpi	DEBUG	Registering manifest for C:\Program Files (x86)\Mozilla Firefox\browser\features\e10srollout@mozilla.org.xpi
1471193148200	addons.xpi	DEBUG	Loading bootstrap scope from C:\Program Files (x86)\Mozilla Firefox\browser\features\e10srollout@mozilla.org.xpi
1471193148214	addons.xpi	DEBUG	Calling bootstrap method startup on e10srollout@mozilla.org version 1.0
1471193148215	addons.xpi	DEBUG	Registering manifest for C:\Program Files (x86)\Mozilla Firefox\browser\features\firefox@getpocket.com.xpi
1471193148216	addons.xpi	DEBUG	Loading bootstrap scope from C:\Program Files (x86)\Mozilla Firefox\browser\features\firefox@getpocket.com.xpi
1471193148221	addons.xpi	DEBUG	Calling bootstrap method startup on firefox@getpocket.com version 1.0.4
1471193148228	addons.xpi-utils	DEBUG	Starting async load of XPI database C:\WINDOWS\TEMP\anonymous3313557216019989235webdriver-profile\extensions.json
1471193148229	addons.xpi	DEBUG	Registering manifest for C:\Program Files (x86)\Mozilla Firefox\browser\features\loop@mozilla.org.xpi
1471193148230	addons.xpi	DEBUG	Loading bootstrap scope from C:\Program Files (x86)\Mozilla Firefox\browser\features\loop@mozilla.org.xpi
1471193148237	addons.xpi	DEBUG	Calling bootstrap method startup on loop@mozilla.org version 1.4.3
1471193148258	addons.xpi	DEBUG	Registering manifest for C:\Program Files (x86)\Mozilla Firefox\browser\extensions\{82AF8DCA-6DE9-405D-BD5E-43525BDAD38A}.xpi
1471193148259	addons.xpi	DEBUG	Loading bootstrap scope from C:\Program Files (x86)\Mozilla Firefox\browser\extensions\{82AF8DCA-6DE9-405D-BD5E-43525BDAD38A}.xpi
1471193148336	addons.xpi	DEBUG	Calling bootstrap method startup on {82AF8DCA-6DE9-405D-BD5E-43525BDAD38A} version 8.3.0.9150
1471193148339	addons.manager	DEBUG	Registering shutdown blocker for XPIProvider
1471193148339	addons.manager	DEBUG	Provider finished startup: XPIProvider
1471193148339	addons.manager	DEBUG	Starting provider: LightweightThemeManager
1471193148339	addons.manager	DEBUG	Registering shutdown blocker for LightweightThemeManager
1471193148339	addons.manager	DEBUG	Provider finished startup: LightweightThemeManager
1471193148340	addons.manager	DEBUG	Starting provider: GMPProvider
1471193148347	addons.manager	DEBUG	Registering shutdown blocker for GMPProvider
1471193148348	addons.manager	DEBUG	Provider finished startup: GMPProvider
1471193148348	addons.manager	DEBUG	Starting provider: PluginProvider
1471193148348	addons.manager	DEBUG	Registering shutdown blocker for PluginProvider
1471193148348	addons.manager	DEBUG	Provider finished startup: PluginProvider
1471193148349	addons.manager	DEBUG	Completed startup sequence
1471193148799	addons.xpi-utils	DEBUG	Async JSON file read took 0 MS
1471193148799	addons.xpi-utils	DEBUG	Finished async read of XPI database, parsing...
1471193148802	addons.xpi-utils	DEBUG	Successfully read XPI database
1471193148812	addons.manager	DEBUG	Starting provider: <unnamed-provider>
1471193148813	addons.manager	DEBUG	Registering shutdown blocker for <unnamed-provider>
1471193148813	addons.manager	DEBUG	Provider finished startup: <unnamed-provider>
*** Blocklist::_loadBlocklistFromFile: blocklist is disabled
1471193148934	addons.manager	DEBUG	Starting provider: PreviousExperimentProvider
1471193148934	addons.manager	DEBUG	Registering shutdown blocker for PreviousExperimentProvider
1471193148935	addons.manager	DEBUG	Provider finished startup: PreviousExperimentProvider

Build info: version: '2.45.0', revision: '5017cb8e7ca8e37638dc3091b2440b90a1d8686f', time: '2015-02-27 09:10:26'
System info: host: 'RD0100454', ip: '192.168.1.3', os.name: 'Windows 7', os.arch: 'amd64', os.version: '6.1', java.version: '1.8.0_60'
Driver info: driver.version: FirefoxDriver
	at org.openqa.selenium.firefox.internal.NewProfileExtensionConnection.start(NewProfileExtensionConnection.java:130)
	at org.openqa.selenium.firefox.FirefoxDriver.startClient(FirefoxDriver.java:246)
	at org.openqa.selenium.remote.RemoteWebDriver.<init>(RemoteWebDriver.java:114)
	at org.openqa.selenium.firefox.FirefoxDriver.<init>(FirefoxDriver.java:191)
	at org.openqa.selenium.firefox.FirefoxDriver.<init>(FirefoxDriver.java:186)
	at org.openqa.selenium.firefox.FirefoxDriver.<init>(FirefoxDriver.java:182)
	at org.openqa.selenium.firefox.FirefoxDriver.<init>(FirefoxDriver.java:95)
	at com.FileDownloadDemo.FileDownloadDemo.<init>(FileDownloadDemo.java:11)
	at com.FileDownloadTest.TestFileDownloadDemo.TestFileDownload(TestFileDownloadDemo.java:12)
	at sun.reflect.NativeMethodAccessorImpl.invoke0(Native Method)
	at sun.reflect.NativeMethodAccessorImpl.invoke(NativeMethodAccessorImpl.java:62)
	at sun.reflect.DelegatingMethodAccessorImpl.invoke(DelegatingMethodAccessorImpl.java:43)
	at java.lang.reflect.Method.invoke(Method.java:497)
	at org.testng.internal.MethodInvocationHelper.invokeMethod(MethodInvocationHelper.java:85)
	at org.testng.internal.Invoker.invokeMethod(Invoker.java:696)
	at org.testng.internal.Invoker.invokeTestMethod(Invoker.java:882)
	at org.testng.internal.Invoker.invokeTestMethods(Invoker.java:1189)
	at org.testng.internal.TestMethodWorker.invokeTestMethods(TestMethodWorker.java:124)
	at org.testng.internal.TestMethodWorker.run(TestMethodWorker.java:108)
	at org.testng.TestRunner.privateRun(TestRunner.java:767)
	at org.testng.TestRunner.run(TestRunner.java:617)
	at org.testng.SuiteRunner.runTest(SuiteRunner.java:348)
	at org.testng.SuiteRunner.runSequentially(SuiteRunner.java:343)
	at org.testng.SuiteRunner.privateRun(SuiteRunner.java:305)
	at org.testng.SuiteRunner.run(SuiteRunner.java:254)
	at org.testng.SuiteRunnerWorker.runSuite(SuiteRunnerWorker.java:52)
	at org.testng.SuiteRunnerWorker.run(SuiteRunnerWorker.java:86)
	at org.testng.TestNG.runSuitesSequentially(TestNG.java:1224)
	at org.testng.TestNG.runSuitesLocally(TestNG.java:1149)
	at org.testng.TestNG.run(TestNG.java:1057)
	at org.testng.remote.AbstractRemoteTestNG.run(AbstractRemoteTestNG.java:126)
	at org.testng.remote.RemoteTestNG.initAndRun(RemoteTestNG.java:152)
	at org.testng.remote.RemoteTestNG.main(RemoteTestNG.java:57)
Caused by: org.openqa.selenium.firefox.NotConnectedException: Unable to connect to host 127.0.0.1 on port 7055 after 45000 ms. Firefox console output:
st":1464161860000},"{972ce4c6-7e08-4474-a285-3208198ce6fd}":{"d":"C:\\Program Files (x86)\\Mozilla Firefox\\browser\\extensions\\{972ce4c6-7e08-4474-a285-3208198ce6fd}.xpi","e":true,"v":"48.0","st":1469556455000}},"winreg-app-global":{"{7DD78D43-0962-4d9b-BC76-ABF13B3B2ED1}":{"d":"C:\\Program Files (x86)\\McAfee\\SiteAdvisor Enterprise\\saeffplg.xpi","e":false,"v":"3.5.0.1406","st":1446448080000},"{D19CA586-DD6C-4a0a-96F8-14644F340D60}":{"d":"C:\\Program Files (x86)\\Common Files\\McAfee\\SystemCore","e":false,"v":"15.1.0","st":1459430344024,"mt":1459424408047}}}
1471193148193	addons.xpi	DEBUG	No changes found
1471193148200	addons.xpi	DEBUG	Registering manifest for C:\Program Files (x86)\Mozilla Firefox\browser\features\e10srollout@mozilla.org.xpi
1471193148200	addons.xpi	DEBUG	Loading bootstrap scope from C:\Program Files (x86)\Mozilla Firefox\browser\features\e10srollout@mozilla.org.xpi
1471193148214	addons.xpi	DEBUG	Calling bootstrap method startup on e10srollout@mozilla.org version 1.0
1471193148215	addons.xpi	DEBUG	Registering manifest for C:\Program Files (x86)\Mozilla Firefox\browser\features\firefox@getpocket.com.xpi
1471193148216	addons.xpi	DEBUG	Loading bootstrap scope from C:\Program Files (x86)\Mozilla Firefox\browser\features\firefox@getpocket.com.xpi
1471193148221	addons.xpi	DEBUG	Calling bootstrap method startup on firefox@getpocket.com version 1.0.4
1471193148228	addons.xpi-utils	DEBUG	Starting async load of XPI database C:\WINDOWS\TEMP\anonymous3313557216019989235webdriver-profile\extensions.json
1471193148229	addons.xpi	DEBUG	Registering manifest for C:\Program Files (x86)\Mozilla Firefox\browser\features\loop@mozilla.org.xpi
1471193148230	addons.xpi	DEBUG	Loading bootstrap scope from C:\Program Files (x86)\Mozilla Firefox\browser\features\loop@mozilla.org.xpi
1471193148237	addons.xpi	DEBUG	Calling bootstrap method startup on loop@mozilla.org version 1.4.3
1471193148258	addons.xpi	DEBUG	Registering manifest for C:\Program Files (x86)\Mozilla Firefox\browser\extensions\{82AF8DCA-6DE9-405D-BD5E-43525BDAD38A}.xpi
1471193148259	addons.xpi	DEBUG	Loading bootstrap scope from C:\Program Files (x86)\Mozilla Firefox\browser\extensions\{82AF8DCA-6DE9-405D-BD5E-43525BDAD38A}.xpi
1471193148336	addons.xpi	DEBUG	Calling bootstrap method startup on {82AF8DCA-6DE9-405D-BD5E-43525BDAD38A} version 8.3.0.9150
1471193148339	addons.manager	DEBUG	Registering shutdown blocker for XPIProvider
1471193148339	addons.manager	DEBUG	Provider finished startup: XPIProvider
1471193148339	addons.manager	DEBUG	Starting provider: LightweightThemeManager
1471193148339	addons.manager	DEBUG	Registering shutdown blocker for LightweightThemeManager
1471193148339	addons.manager	DEBUG	Provider finished startup: LightweightThemeManager
1471193148340	addons.manager	DEBUG	Starting provider: GMPProvider
1471193148347	addons.manager	DEBUG	Registering shutdown blocker for GMPProvider
1471193148348	addons.manager	DEBUG	Provider finished startup: GMPProvider
1471193148348	addons.manager	DEBUG	Starting provider: PluginProvider
1471193148348	addons.manager	DEBUG	Registering shutdown blocker for PluginProvider
1471193148348	addons.manager	DEBUG	Provider finished startup: PluginProvider
1471193148349	addons.manager	DEBUG	Completed startup sequence
1471193148799	addons.xpi-utils	DEBUG	Async JSON file read took 0 MS
1471193148799	addons.xpi-utils	DEBUG	Finished async read of XPI database, parsing...
1471193148802	addons.xpi-utils	DEBUG	Successfully read XPI database
1471193148812	addons.manager	DEBUG	Starting provider: <unnamed-provider>
1471193148813	addons.manager	DEBUG	Registering shutdown blocker for <unnamed-provider>
1471193148813	addons.manager	DEBUG	Provider finished startup: <unnamed-provider>
*** Blocklist::_loadBlocklistFromFile: blocklist is disabled
1471193148934	addons.manager	DEBUG	Starting provider: PreviousExperimentProvider
1471193148934	addons.manager	DEBUG	Registering shutdown blocker for PreviousExperimentProvider
1471193148935	addons.manager	DEBUG	Provider finished startup: PreviousExperimentProvider

	at org.openqa.selenium.firefox.internal.NewProfileExtensionConnection.start(NewProfileExtensionConnection.java:118)
	... 32 more
]]>
    </failure>
  </testcase> <!-- TestFileDownload -->
</testsuite> <!-- Default test -->
