<?xml version="1.0" encoding="UTF-8" ?>
<testsuite tests="2" failures="1" name="TestSuite" time="217.803" errors="0" skipped="0">
  <properties>
[...]
</properties>
  <testcase classname="com.BookFlightTest.BookFlight2Test" name="BookFlightTest2way" time="217.464">
    <failure message="chrome not reachable
  (Session info: chrome=48.0.2564.116)
  (Driver info: chromedriver=2.9.248315,platform=Windows NT 6.1 SP1 x86_64) (WARNING: The server did not provide any stacktrace information)
Command duration or timeout: 2.01 seconds
Build info: version: &apos;2.45.0&apos;, revision: &apos;5017cb8e7ca8e37638dc3091b2440b90a1d8686f&apos;, time: &apos;2015-02-27 09:10:26&apos;
System info: host: &apos;vdrd2000016&apos;, ip: &apos;10.254.224.147&apos;, os.name: &apos;Windows 7&apos;, os.arch: &apos;amd64&apos;, os.version: &apos;6.1&apos;, java.version: &apos;1.8.0_91&apos;
Driver info: org.openqa.selenium.chrome.ChromeDriver
Capabilities [{applicationCacheEnabled=false, rotatable=false, chrome={userDataDir=Z:\Users\rthy8c\AppData\Local\Temp\scoped_dir14820_19712}, takesHeapSnapshot=true, databaseEnabled=false, handlesAlerts=true, version=48.0.2564.116, platform=XP, browserConnectionEnabled=false, nativeEvents=true, acceptSslCerts=true, locationContextEnabled=true, webStorageEnabled=true, browserName=chrome, takesScreenshot=true, javascriptEnabled=true, cssSelectorsEnabled=true}]
Session ID: 770e7ca9fd3e02277b581a5e9a60496b
*** Element info: {Using=id, value=from_typeahead1}" type="org.openqa.selenium.WebDriverException">org.openqa.selenium.WebDriverException: chrome not reachable
  (Session info: chrome=48.0.2564.116)
  (Driver info: chromedriver=2.9.248315,platform=Windows NT 6.1 SP1 x86_64) (WARNING: The server did not provide any stacktrace information)
Command duration or timeout: 2.01 seconds
Build info: version: &apos;2.45.0&apos;, revision: &apos;5017cb8e7ca8e37638dc3091b2440b90a1d8686f&apos;, time: &apos;2015-02-27 09:10:26&apos;
System info: host: &apos;vdrd2000016&apos;, ip: &apos;10.254.224.147&apos;, os.name: &apos;Windows 7&apos;, os.arch: &apos;amd64&apos;, os.version: &apos;6.1&apos;, java.version: &apos;1.8.0_91&apos;
Driver info: org.openqa.selenium.chrome.ChromeDriver
Capabilities [{applicationCacheEnabled=false, rotatable=false, chrome={userDataDir=Z:\Users\rthy8c\AppData\Local\Temp\scoped_dir14820_19712}, takesHeapSnapshot=true, databaseEnabled=false, handlesAlerts=true, version=48.0.2564.116, platform=XP, browserConnectionEnabled=false, nativeEvents=true, acceptSslCerts=true, locationContextEnabled=true, webStorageEnabled=true, browserName=chrome, takesScreenshot=true, javascriptEnabled=true, cssSelectorsEnabled=true}]
Session ID: 770e7ca9fd3e02277b581a5e9a60496b
*** Element info: {Using=id, value=from_typeahead1}
	at sun.reflect.NativeConstructorAccessorImpl.newInstance0(Native Method)
	at sun.reflect.NativeConstructorAccessorImpl.newInstance(NativeConstructorAccessorImpl.java:62)
	at sun.reflect.DelegatingConstructorAccessorImpl.newInstance(DelegatingConstructorAccessorImpl.java:45)
	at java.lang.reflect.Constructor.newInstance(Constructor.java:423)
	at org.openqa.selenium.remote.ErrorHandler.createThrowable(ErrorHandler.java:204)
	at org.openqa.selenium.remote.ErrorHandler.throwIfResponseFailed(ErrorHandler.java:156)
	at org.openqa.selenium.remote.RemoteWebDriver.execute(RemoteWebDriver.java:599)
	at org.openqa.selenium.remote.RemoteWebDriver.findElement(RemoteWebDriver.java:352)
	at org.openqa.selenium.remote.RemoteWebDriver.findElementById(RemoteWebDriver.java:393)
	at org.openqa.selenium.By$ById.findElement(By.java:214)
	at org.openqa.selenium.remote.RemoteWebDriver.findElement(RemoteWebDriver.java:344)
	at com.common.Page.findElement(Page.java:71)
	at com.BookFlight.BookFlight2.Bookticket(BookFlight2.java:28)
	at com.BookFlightTest.BookFlight2Test.BookFlightTest2way(BookFlight2Test.java:18)
</failure>
    <system-out>Configuring TestNG with: org.apache.maven.surefire.testng.conf.TestNG652Configurator@4f47d241
Storing downloaded files in: C:\TestEclipse\TestPOMDemo//Downloads
Prefs: {download.prompt_for_download=false, profile.default_content_settings={multiple-automatic-downloads=1, popups=0}, download.default_directory=C:\TestEclipse\TestPOMDemo//Downloads}
//li/a/Span[text()=&apos;Flights&apos;]
</system-out>
    <system-err>Starting ChromeDriver (v2.9.248315) on port 11037
log4j:WARN No appenders could be found for logger (org.apache.http.client.protocol.RequestAddCookies).
log4j:WARN Please initialize the log4j system properly.
</system-err>
  </testcase>
  <testcase classname="com.ReadSqlDataTest.ReadsqlDataTest" name="ReadDataTest" time="0.339"/>
</testsuite>